
chdir(/usr/share/vim)
fchdir() to previous dir
sourcing "$VIM/vimrc"
Searching for "debian.vim" in "/home/andres/.vim,/usr/share/vim/vimfiles,/usr/share/vim/vim81,/usr/share/vim/vimfiles/after,/home/andres/.vim/after"
Searching for "/home/andres/.vim/debian.vim"
Searching for "/usr/share/vim/vimfiles/debian.vim"
Searching for "/usr/share/vim/vim81/debian.vim"
chdir(/usr/share/vim/vim81)
fchdir() to previous dir
line 10: sourcing "/usr/share/vim/vim81/debian.vim"
finished sourcing /usr/share/vim/vim81/debian.vim
continuing in /usr/share/vim/vimrc
Searching for "/usr/share/vim/vimfiles/after/debian.vim"
Searching for "/home/andres/.vim/after/debian.vim"
chdir(/usr/share/vim/vim81/syntax)
fchdir() to previous dir
line 27: sourcing "/usr/share/vim/vim81/syntax/syntax.vim"
Searching for "syntax/synload.vim" in "/home/andres/.vim,/var/lib/vim/addons,/usr/share/vim/vimfiles,/usr/share/vim/vim81,/usr/share/vim/vimfiles/after,/var/lib/vim/addons/after,/home/andres/.vim/after"
Searching for "/home/andres/.vim/syntax/synload.vim"
Searching for "/var/lib/vim/addons/syntax/synload.vim"
Searching for "/usr/share/vim/vimfiles/syntax/synload.vim"
Searching for "/usr/share/vim/vim81/syntax/synload.vim"
chdir(/usr/share/vim/vim81/syntax)
fchdir() to previous dir
line 19: sourcing "/usr/share/vim/vim81/syntax/synload.vim"
Searching for "syntax/syncolor.vim" in "/home/andres/.vim,/var/lib/vim/addons,/usr/share/vim/vimfiles,/usr/share/vim/vim81,/usr/share/vim/vimfiles/after,/var/lib/vim/addons/after,/home/andres/.vim/after"
Searching for "/home/andres/.vim/syntax/syncolor.vim"
Searching for "/var/lib/vim/addons/syntax/syncolor.vim"
Searching for "/usr/share/vim/vimfiles/syntax/syncolor.vim"
Searching for "/usr/share/vim/vim81/syntax/syncolor.vim"
chdir(/usr/share/vim/vim81/syntax)
fchdir() to previous dir
line 21: sourcing "/usr/share/vim/vim81/syntax/syncolor.vim"
finished sourcing /usr/share/vim/vim81/syntax/syncolor.vim
continuing in /usr/share/vim/vim81/syntax/synload.vim
Searching for "/usr/share/vim/vimfiles/after/syntax/syncolor.vim"
Searching for "/var/lib/vim/addons/after/syntax/syncolor.vim"
Searching for "/home/andres/.vim/after/syntax/syncolor.vim"
finished sourcing /usr/share/vim/vim81/syntax/synload.vim
continuing in /usr/share/vim/vim81/syntax/syntax.vim
Searching for "filetype.vim" in "/home/andres/.vim,/var/lib/vim/addons,/usr/share/vim/vimfiles,/usr/share/vim/vim81,/usr/share/vim/vimfiles/after,/var/lib/vim/addons/after,/home/andres/.vim/after"
Searching for "/home/andres/.vim/filetype.vim"
Searching for "/var/lib/vim/addons/filetype.vim"
Searching for "/usr/share/vim/vimfiles/filetype.vim"
Searching for "/usr/share/vim/vim81/filetype.vim"
chdir(/usr/share/vim/vim81)
fchdir() to previous dir
line 25: sourcing "/usr/share/vim/vim81/filetype.vim"
Searching for "ftdetect/*.vim" in "/home/andres/.vim,/var/lib/vim/addons,/usr/share/vim/vimfiles,/usr/share/vim/vim81,/usr/share/vim/vimfiles/after,/var/lib/vim/addons/after,/home/andres/.vim/after"
Searching for "/home/andres/.vim/ftdetect/*.vim"
Searching for "/var/lib/vim/addons/ftdetect/*.vim"
Searching for "/usr/share/vim/vimfiles/ftdetect/*.vim"
Searching for "/usr/share/vim/vim81/ftdetect/*.vim"
Searching for "/usr/share/vim/vimfiles/after/ftdetect/*.vim"
Searching for "/var/lib/vim/addons/after/ftdetect/*.vim"
Searching for "/home/andres/.vim/after/ftdetect/*.vim"
not found in 'runtimepath': "ftdetect/*.vim"
finished sourcing /usr/share/vim/vim81/filetype.vim
continuing in /usr/share/vim/vim81/syntax/syntax.vim
Searching for "/usr/share/vim/vimfiles/after/filetype.vim"
Searching for "/var/lib/vim/addons/after/filetype.vim"
Searching for "/home/andres/.vim/after/filetype.vim"
finished sourcing /usr/share/vim/vim81/syntax/syntax.vim
continuing in /usr/share/vim/vimrc
finished sourcing $VIM/vimrc
chdir(/home/andres)
fchdir() to previous dir
sourcing "$HOME/.vimrc"
Searching for "autoload/plug.vim" in "/home/andres/.vim,/var/lib/vim/addons,/usr/share/vim/vimfiles,/usr/share/vim/vim81,/usr/share/vim/vimfiles/after,/var/lib/vim/addons/after,/home/andres/.vim/after"
Searching for "/home/andres/.vim/autoload/plug.vim"
chdir(/home/andres/.vim/autoload)
fchdir() to previous dir
line 10: sourcing "/home/andres/.vim/autoload/plug.vim"
finished sourcing /home/andres/.vim/autoload/plug.vim
continuing in /home/andres/.vimrc
chdir(/home/andres/.vim)
fchdir() to previous dir
line 11: sourcing "/home/andres/.vim/plugins.vim"
finished sourcing /home/andres/.vim/plugins.vim
continuing in /home/andres/.vimrc
Searching for "ftoff.vim" in "/home/andres/.vim,/var/lib/vim/addons,/usr/share/vim/vimfiles,/usr/share/vim/vim81,/usr/share/vim/vimfiles/after,/var/lib/vim/addons/after,/home/andres/.vim/after"
Searching for "/home/andres/.vim/ftoff.vim"
Searching for "/var/lib/vim/addons/ftoff.vim"
Searching for "/usr/share/vim/vimfiles/ftoff.vim"
Searching for "/usr/share/vim/vim81/ftoff.vim"
chdir(/usr/share/vim/vim81)
fchdir() to previous dir
line 14: sourcing "/usr/share/vim/vim81/ftoff.vim"
finished sourcing /usr/share/vim/vim81/ftoff.vim
continuing in function plug#end
Searching for "/usr/share/vim/vimfiles/after/ftoff.vim"
Searching for "/var/lib/vim/addons/after/ftoff.vim"
Searching for "/home/andres/.vim/after/ftoff.vim"
Searching for "filetype.vim" in "/home/andres/.vim,/home/andres/.vim/plugged/deoplete.nvim/,/home/andres/.vim/plugged/nvim-yarp/,/home/andres/.vim/plugged/vim-hug-neovim-rpc/,/home/andres/.vim/plugged/deoplete-phpactor/,/var/lib/vim/addons,/usr/share/vim/vimfiles,/usr/share/vim/vim81,/usr/share/vim/vimfiles/after,/var/lib/vim/addons/after,/home/andres/.vim/after"
Searching for "/home/andres/.vim/filetype.vim"
Searching for "/home/andres/.vim/plugged/deoplete.nvim/filetype.vim"
Searching for "/home/andres/.vim/plugged/nvim-yarp/filetype.vim"
Searching for "/home/andres/.vim/plugged/vim-hug-neovim-rpc/filetype.vim"
Searching for "/home/andres/.vim/plugged/deoplete-phpactor/filetype.vim"
Searching for "/var/lib/vim/addons/filetype.vim"
Searching for "/usr/share/vim/vimfiles/filetype.vim"
Searching for "/usr/share/vim/vim81/filetype.vim"
chdir(/usr/share/vim/vim81)
fchdir() to previous dir
line 83: sourcing "/usr/share/vim/vim81/filetype.vim"
Searching for "ftdetect/*.vim" in "/home/andres/.vim,/home/andres/.vim/plugged/deoplete.nvim/,/home/andres/.vim/plugged/nvim-yarp/,/home/andres/.vim/plugged/vim-hug-neovim-rpc/,/home/andres/.vim/plugged/deoplete-phpactor/,/var/lib/vim/addons,/usr/share/vim/vimfiles,/usr/share/vim/vim81,/usr/share/vim/vimfiles/after,/var/lib/vim/addons/after,/home/andres/.vim/after"
Searching for "/home/andres/.vim/ftdetect/*.vim"
Searching for "/home/andres/.vim/plugged/deoplete.nvim/ftdetect/*.vim"
Searching for "/home/andres/.vim/plugged/nvim-yarp/ftdetect/*.vim"
Searching for "/home/andres/.vim/plugged/vim-hug-neovim-rpc/ftdetect/*.vim"
Searching for "/home/andres/.vim/plugged/deoplete-phpactor/ftdetect/*.vim"
Searching for "/var/lib/vim/addons/ftdetect/*.vim"
Searching for "/usr/share/vim/vimfiles/ftdetect/*.vim"
Searching for "/usr/share/vim/vim81/ftdetect/*.vim"
Searching for "/usr/share/vim/vimfiles/after/ftdetect/*.vim"
Searching for "/var/lib/vim/addons/after/ftdetect/*.vim"
Searching for "/home/andres/.vim/after/ftdetect/*.vim"
not found in 'runtimepath': "ftdetect/*.vim"
finished sourcing /usr/share/vim/vim81/filetype.vim
continuing in function plug#end
Searching for "/usr/share/vim/vimfiles/after/filetype.vim"
Searching for "/var/lib/vim/addons/after/filetype.vim"
Searching for "/home/andres/.vim/after/filetype.vim"
Searching for "ftplugin.vim" in "/home/andres/.vim,/home/andres/.vim/plugged/deoplete.nvim/,/home/andres/.vim/plugged/nvim-yarp/,/home/andres/.vim/plugged/vim-hug-neovim-rpc/,/home/andres/.vim/plugged/deoplete-phpactor/,/var/lib/vim/addons,/usr/share/vim/vimfiles,/usr/share/vim/vim81,/usr/share/vim/vimfiles/after,/var/lib/vim/addons/after,/home/andres/.vim/after"
Searching for "/home/andres/.vim/ftplugin.vim"
Searching for "/home/andres/.vim/plugged/deoplete.nvim/ftplugin.vim"
Searching for "/home/andres/.vim/plugged/nvim-yarp/ftplugin.vim"
Searching for "/home/andres/.vim/plugged/vim-hug-neovim-rpc/ftplugin.vim"
Searching for "/home/andres/.vim/plugged/deoplete-phpactor/ftplugin.vim"
Searching for "/var/lib/vim/addons/ftplugin.vim"
Searching for "/usr/share/vim/vimfiles/ftplugin.vim"
Searching for "/usr/share/vim/vim81/ftplugin.vim"
chdir(/usr/share/vim/vim81)
fchdir() to previous dir
line 83: sourcing "/usr/share/vim/vim81/ftplugin.vim"
finished sourcing /usr/share/vim/vim81/ftplugin.vim
continuing in function plug#end
Searching for "/usr/share/vim/vimfiles/after/ftplugin.vim"
Searching for "/var/lib/vim/addons/after/ftplugin.vim"
Searching for "/home/andres/.vim/after/ftplugin.vim"
Searching for "indent.vim" in "/home/andres/.vim,/home/andres/.vim/plugged/deoplete.nvim/,/home/andres/.vim/plugged/nvim-yarp/,/home/andres/.vim/plugged/vim-hug-neovim-rpc/,/home/andres/.vim/plugged/deoplete-phpactor/,/var/lib/vim/addons,/usr/share/vim/vimfiles,/usr/share/vim/vim81,/usr/share/vim/vimfiles/after,/var/lib/vim/addons/after,/home/andres/.vim/after"
Searching for "/home/andres/.vim/indent.vim"
Searching for "/home/andres/.vim/plugged/deoplete.nvim/indent.vim"
Searching for "/home/andres/.vim/plugged/nvim-yarp/indent.vim"
Searching for "/home/andres/.vim/plugged/vim-hug-neovim-rpc/indent.vim"
Searching for "/home/andres/.vim/plugged/deoplete-phpactor/indent.vim"
Searching for "/var/lib/vim/addons/indent.vim"
Searching for "/usr/share/vim/vimfiles/indent.vim"
Searching for "/usr/share/vim/vim81/indent.vim"
chdir(/usr/share/vim/vim81)
fchdir() to previous dir
line 83: sourcing "/usr/share/vim/vim81/indent.vim"
finished sourcing /usr/share/vim/vim81/indent.vim
continuing in function plug#end
Searching for "/usr/share/vim/vimfiles/after/indent.vim"
Searching for "/var/lib/vim/addons/after/indent.vim"
Searching for "/home/andres/.vim/after/indent.vim"
finished sourcing $HOME/.vimrc
Searching for "pack/*/start/*" in "/home/andres/.vim,/usr/share/vim/vimfiles,/usr/share/vim/vim81,/usr/share/vim/vimfiles/after,/home/andres/.vim/after"
Searching for "/home/andres/.vim/pack/*/start/*"
Searching for "/usr/share/vim/vimfiles/pack/*/start/*"
Searching for "/usr/share/vim/vim81/pack/*/start/*"
Searching for "/usr/share/vim/vimfiles/after/pack/*/start/*"
Searching for "/home/andres/.vim/after/pack/*/start/*"
not found in 'packpath': "pack/*/start/*"
Searching for "plugin/**/*.vim" in "/home/andres/.vim,/home/andres/.vim/plugged/deoplete.nvim/,/home/andres/.vim/plugged/nvim-yarp/,/home/andres/.vim/plugged/vim-hug-neovim-rpc/,/home/andres/.vim/plugged/deoplete-phpactor/,/var/lib/vim/addons,/usr/share/vim/vimfiles,/usr/share/vim/vim81,/usr/share/vim/vimfiles/after,/var/lib/vim/addons/after,/home/andres/.vim/after"
Searching for "/home/andres/.vim/plugin/**/*.vim"
Searching for "/home/andres/.vim/plugged/deoplete.nvim/plugin/**/*.vim"
chdir(/home/andres/.vim/plugged/deoplete.nvim/plugin)
fchdir() to previous dir
sourcing "/home/andres/.vim/plugged/deoplete.nvim/plugin/deoplete.vim"
Searching for "autoload/deoplete.vim" in "/home/andres/.vim,/home/andres/.vim/plugged/deoplete.nvim/,/home/andres/.vim/plugged/nvim-yarp/,/home/andres/.vim/plugged/vim-hug-neovim-rpc/,/home/andres/.vim/plugged/deoplete-phpactor/,/var/lib/vim/addons,/usr/share/vim/vimfiles,/usr/share/vim/vim81,/usr/share/vim/vimfiles/after,/var/lib/vim/addons/after,/home/andres/.vim/after"
Searching for "/home/andres/.vim/autoload/deoplete.vim"
Searching for "/home/andres/.vim/plugged/deoplete.nvim/autoload/deoplete.vim"
chdir(/home/andres/.vim/plugged/deoplete.nvim/autoload)
fchdir() to previous dir
line 14: sourcing "/home/andres/.vim/plugged/deoplete.nvim/autoload/deoplete.vim"
finished sourcing /home/andres/.vim/plugged/deoplete.nvim/autoload/deoplete.vim
continuing in /home/andres/.vim/plugged/deoplete.nvim/plugin/deoplete.vim
Searching for "autoload/deoplete/init.vim" in "/home/andres/.vim,/home/andres/.vim/plugged/deoplete.nvim/,/home/andres/.vim/plugged/nvim-yarp/,/home/andres/.vim/plugged/vim-hug-neovim-rpc/,/home/andres/.vim/plugged/deoplete-phpactor/,/var/lib/vim/addons,/usr/share/vim/vimfiles,/usr/share/vim/vim81,/usr/share/vim/vimfiles/after,/var/lib/vim/addons/after,/home/andres/.vim/after"
Searching for "/home/andres/.vim/autoload/deoplete/init.vim"
Searching for "/home/andres/.vim/plugged/deoplete.nvim/autoload/deoplete/init.vim"
chdir(/home/andres/.vim/plugged/deoplete.nvim/autoload/deoplete)
fchdir() to previous dir
line 1: sourcing "/home/andres/.vim/plugged/deoplete.nvim/autoload/deoplete/init.vim"
finished sourcing /home/andres/.vim/plugged/deoplete.nvim/autoload/deoplete/init.vim
continuing in function deoplete#enable[1]..deoplete#initialize
finished sourcing /home/andres/.vim/plugged/deoplete.nvim/plugin/deoplete.vim
Searching for "/home/andres/.vim/plugged/nvim-yarp/plugin/**/*.vim"
Searching for "/home/andres/.vim/plugged/vim-hug-neovim-rpc/plugin/**/*.vim"
Searching for "/home/andres/.vim/plugged/deoplete-phpactor/plugin/**/*.vim"
Searching for "/var/lib/vim/addons/plugin/**/*.vim"
Searching for "/usr/share/vim/vimfiles/plugin/**/*.vim"
Searching for "/usr/share/vim/vim81/plugin/**/*.vim"
chdir(/usr/share/vim/vim81/plugin)
fchdir() to previous dir
sourcing "/usr/share/vim/vim81/plugin/getscriptPlugin.vim"
finished sourcing /usr/share/vim/vim81/plugin/getscriptPlugin.vim
chdir(/usr/share/vim/vim81/plugin)
fchdir() to previous dir
sourcing "/usr/share/vim/vim81/plugin/gzip.vim"
finished sourcing /usr/share/vim/vim81/plugin/gzip.vim
chdir(/usr/share/vim/vim81/plugin)
fchdir() to previous dir
sourcing "/usr/share/vim/vim81/plugin/logiPat.vim"
finished sourcing /usr/share/vim/vim81/plugin/logiPat.vim
chdir(/usr/share/vim/vim81/plugin)
fchdir() to previous dir
sourcing "/usr/share/vim/vim81/plugin/manpager.vim"
finished sourcing /usr/share/vim/vim81/plugin/manpager.vim
chdir(/usr/share/vim/vim81/plugin)
fchdir() to previous dir
sourcing "/usr/share/vim/vim81/plugin/matchparen.vim"
finished sourcing /usr/share/vim/vim81/plugin/matchparen.vim
chdir(/usr/share/vim/vim81/plugin)
fchdir() to previous dir
sourcing "/usr/share/vim/vim81/plugin/netrwPlugin.vim"
finished sourcing /usr/share/vim/vim81/plugin/netrwPlugin.vim
chdir(/usr/share/vim/vim81/plugin)
fchdir() to previous dir
sourcing "/usr/share/vim/vim81/plugin/rrhelper.vim"
finished sourcing /usr/share/vim/vim81/plugin/rrhelper.vim
chdir(/usr/share/vim/vim81/plugin)
fchdir() to previous dir
sourcing "/usr/share/vim/vim81/plugin/spellfile.vim"
finished sourcing /usr/share/vim/vim81/plugin/spellfile.vim
chdir(/usr/share/vim/vim81/plugin)
fchdir() to previous dir
sourcing "/usr/share/vim/vim81/plugin/tarPlugin.vim"
finished sourcing /usr/share/vim/vim81/plugin/tarPlugin.vim
chdir(/usr/share/vim/vim81/plugin)
fchdir() to previous dir
sourcing "/usr/share/vim/vim81/plugin/tohtml.vim"
finished sourcing /usr/share/vim/vim81/plugin/tohtml.vim
chdir(/usr/share/vim/vim81/plugin)
fchdir() to previous dir
sourcing "/usr/share/vim/vim81/plugin/vimballPlugin.vim"
finished sourcing /usr/share/vim/vim81/plugin/vimballPlugin.vim
chdir(/usr/share/vim/vim81/plugin)
fchdir() to previous dir
sourcing "/usr/share/vim/vim81/plugin/zipPlugin.vim"
finished sourcing /usr/share/vim/vim81/plugin/zipPlugin.vim
Searching for "pack/*/start/*" in "/home/andres/.vim,/usr/share/vim/vimfiles,/usr/share/vim/vim81,/usr/share/vim/vimfiles/after,/home/andres/.vim/after"
Searching for "/home/andres/.vim/pack/*/start/*"
Searching for "/usr/share/vim/vimfiles/pack/*/start/*"
Searching for "/usr/share/vim/vim81/pack/*/start/*"
Searching for "/usr/share/vim/vimfiles/after/pack/*/start/*"
Searching for "/home/andres/.vim/after/pack/*/start/*"
not found in 'packpath': "pack/*/start/*"
Searching for "plugin/**/*.vim" in "/home/andres/.vim,/home/andres/.vim/plugged/deoplete.nvim/,/home/andres/.vim/plugged/nvim-yarp/,/home/andres/.vim/plugged/vim-hug-neovim-rpc/,/home/andres/.vim/plugged/deoplete-phpactor/,/var/lib/vim/addons,/usr/share/vim/vimfiles,/usr/share/vim/vim81,/usr/share/vim/vimfiles/after,/var/lib/vim/addons/after,/home/andres/.vim/after"
Searching for "/usr/share/vim/vimfiles/after/plugin/**/*.vim"
Searching for "/var/lib/vim/addons/after/plugin/**/*.vim"
Searching for "/home/andres/.vim/after/plugin/**/*.vim"
not found in 'runtimepath': "plugin/**/*.vim"
Reading viminfo file "/home/andres/.viminfo" info oldfiles
Executing BufEnter Autocommands for "*"
autocommand sil call s:LocalBrowse(expand("<amatch>"))

Executing VimEnter Autocommands for "*"
autocommand call deoplete#enable()

Searching for "autoload/deoplete/util.vim" in "/home/andres/.vim,/home/andres/.vim/plugged/deoplete.nvim/,/home/andres/.vim/plugged/nvim-yarp/,/home/andres/.vim/plugged/vim-hug-neovim-rpc/,/home/andres/.vim/plugged/deoplete-phpactor/,/var/lib/vim/addons,/usr/share/vim/vimfiles,/usr/share/vim/vim81,/usr/share/vim/vimfiles/after,/var/lib/vim/addons/after,/home/andres/.vim/after"
Searching for "/home/andres/.vim/autoload/deoplete/util.vim"
Searching for "/home/andres/.vim/plugged/deoplete.nvim/autoload/deoplete/util.vim"
chdir(/home/andres/.vim/plugged/deoplete.nvim/autoload/deoplete)
fchdir() to previous dir
line 9: sourcing "/home/andres/.vim/plugged/deoplete.nvim/autoload/deoplete/util.vim"
finished sourcing /home/andres/.vim/plugged/deoplete.nvim/autoload/deoplete/util.vim
continuing in function deoplete#enable[1]..deoplete#initialize[1]..deoplete#init#_initialize[15]..<SNR>15_init_internal_variables
Searching for "autoload/neovim_rpc.vim" in "/home/andres/.vim,/home/andres/.vim/plugged/deoplete.nvim/,/home/andres/.vim/plugged/nvim-yarp/,/home/andres/.vim/plugged/vim-hug-neovim-rpc/,/home/andres/.vim/plugged/deoplete-phpactor/,/var/lib/vim/addons,/usr/share/vim/vimfiles,/usr/share/vim/vim81,/usr/share/vim/vimfiles/after,/var/lib/vim/addons/after,/home/andres/.vim/after"
Searching for "/home/andres/.vim/autoload/neovim_rpc.vim"
Searching for "/home/andres/.vim/plugged/deoplete.nvim/autoload/neovim_rpc.vim"
Searching for "/home/andres/.vim/plugged/nvim-yarp/autoload/neovim_rpc.vim"
Searching for "/home/andres/.vim/plugged/vim-hug-neovim-rpc/autoload/neovim_rpc.vim"
chdir(/home/andres/.vim/plugged/vim-hug-neovim-rpc/autoload)
fchdir() to previous dir
line 9: sourcing "/home/andres/.vim/plugged/vim-hug-neovim-rpc/autoload/neovim_rpc.vim"
finished sourcing /home/andres/.vim/plugged/vim-hug-neovim-rpc/autoload/neovim_rpc.vim
continuing in function deoplete#enable[1]..deoplete#initialize[1]..deoplete#init#_initialize[15]..<SNR>15_init_internal_variables
[vim-hug-neovim-rpc] failed executing: pythonx import neovim
[vim-hug-neovim-rpc] Vim(pyth...back (most recent call last):
Searching for "autoload/deoplete/custom.vim" in "/home/andres/.vim,/home/andres/.vim/plugged/deoplete.nvim/,/home/andres/.vim/plugged/nvim-yarp/,/home/andres/.vim/plugged/vim-hug-neovim-rpc/,/home/andres/.vim/plugged/deoplete-phpactor/,/var/lib/vim/addons,/usr/share/vim/vimfiles,/usr/share/vim/vim81,/usr/share/vim/vimfiles/after,/var/lib/vim/addons/after,/home/andres/.vim/after"
Searching for "/home/andres/.vim/autoload/deoplete/custom.vim"
Searching for "/home/andres/.vim/plugged/deoplete.nvim/autoload/deoplete/custom.vim"
chdir(/home/andres/.vim/plugged/deoplete.nvim/autoload/deoplete)
fchdir() to previous dir
line 2: sourcing "/home/andres/.vim/plugged/deoplete.nvim/autoload/deoplete/custom.vim"
finished sourcing /home/andres/.vim/plugged/deoplete.nvim/autoload/deoplete/custom.vim
continuing in function deoplete#enable[1]..deoplete#initialize[1]..deoplete#init#_initialize[16]..deoplete#init#_custom_variables[4]..<SNR>15_check_custom_option
Executing VimEnter Autocommands for "*"
autocommand sil call s:VimEnter(expand("<amatch>"))

Executing CursorMoved Autocommands for "*"
autocommand call s:Highlight_Matching_Pair()

Searching for "syntax/syncolor.vim" in "/home/andres/.vim,/home/andres/.vim/plugged/deoplete.nvim/,/home/andres/.vim/plugged/nvim-yarp/,/home/andres/.vim/plugged/vim-hug-neovim-rpc/,/home/andres/.vim/plugged/deoplete-phpactor/,/var/lib/vim/addons,/usr/share/vim/vimfiles,/usr/share/vim/vim81,/usr/share/vim/vimfiles/after,/var/lib/vim/addons/after,/home/andres/.vim/after"
Searching for "/home/andres/.vim/syntax/syncolor.vim"
Searching for "/home/andres/.vim/plugged/deoplete.nvim/syntax/syncolor.vim"
Searching for "/home/andres/.vim/plugged/nvim-yarp/syntax/syncolor.vim"
Searching for "/home/andres/.vim/plugged/vim-hug-neovim-rpc/syntax/syncolor.vim"
Searching for "/home/andres/.vim/plugged/deoplete-phpactor/syntax/syncolor.vim"
Searching for "/var/lib/vim/addons/syntax/syncolor.vim"
Searching for "/usr/share/vim/vimfiles/syntax/syncolor.vim"
Searching for "/usr/share/vim/vim81/syntax/syncolor.vim"
chdir(/usr/share/vim/vim81/syntax)
fchdir() to previous dir
sourcing "/usr/share/vim/vim81/syntax/syncolor.vim"
finished sourcing /usr/share/vim/vim81/syntax/syncolor.vim
Searching for "/usr/share/vim/vimfiles/after/syntax/syncolor.vim"
Searching for "/var/lib/vim/addons/after/syntax/syncolor.vim"
Searching for "/home/andres/.vim/after/syntax/syncolor.vim"

Writing viminfo file "/home/andres/.viminfo"